<?xml version="1.0" encoding="UTF-8"?>
<testng-results skipped="0" failed="1" ignored="0" total="1" passed="0">
  <reporter-output>
  </reporter-output>
  <suite name="Default suite" duration-ms="3795" started-at="2020-11-06T10:36:05Z" finished-at="2020-11-06T10:36:09Z">
    <groups>
    </groups>
    <test name="Default test" duration-ms="3795" started-at="2020-11-06T10:36:05Z" finished-at="2020-11-06T10:36:09Z">
      <class name="loginTestcase.BothCorrect">
        <test-method status="FAIL" signature="BothCorrectLogin()[pri:0, instance:loginTestcase.BothCorrect@48eff760]" name="BothCorrectLogin" duration-ms="3731" started-at="2020-11-06T16:06:05Z" finished-at="2020-11-06T16:06:09Z">
          <exception class="org.openqa.selenium.SessionNotCreatedException">
            <message>
              <![CDATA[session not created: This version of ChromeDriver only supports Chrome version 80
Build info: version: '3.141.59', revision: 'e82be7d358', time: '2018-11-14T08:25:53'
System info: host: 'SATHIYANARAYANA', ip: '192.168.43.56', os.name: 'Windows 7', os.arch: 'amd64', os.version: '6.1', java.version: '1.8.0_221'
Driver info: driver.version: ChromeDriver
remote stacktrace: Backtrace:
	Ordinal0 [0x00A10C83+1707139]
	Ordinal0 [0x009768F1+1075441]
	Ordinal0 [0x008EDFC9+516041]
	Ordinal0 [0x00880554+66900]
	Ordinal0 [0x0087CCE2+52450]
	Ordinal0 [0x0089BFD7+180183]
	Ordinal0 [0x0089BDDD+179677]
	Ordinal0 [0x00899D4B+171339]
	Ordinal0 [0x00881D4A+73034]
	Ordinal0 [0x00882DC0+77248]
	Ordinal0 [0x00882D59+77145]
	Ordinal0 [0x0098BB67+1162087]
	GetHandleVerifier [0x00AAA966+508998]
	GetHandleVerifier [0x00AAA6A4+508292]
	GetHandleVerifier [0x00ABF7B7+594583]
	GetHandleVerifier [0x00AAB1D6+511158]
	Ordinal0 [0x0098402C+1130540]
	Ordinal0 [0x0098D4CB+1168587]
	Ordinal0 [0x0098D633+1168947]
	Ordinal0 [0x009A5B35+1268533]
	BaseThreadInitThunk [0x765B336A+18]
	RtlInitializeExceptionChain [0x77D89882+99]
	RtlInitializeExceptionChain [0x77D89855+54]
]]>
            </message>
            <full-stacktrace>
              <![CDATA[org.openqa.selenium.SessionNotCreatedException: session not created: This version of ChromeDriver only supports Chrome version 80
Build info: version: '3.141.59', revision: 'e82be7d358', time: '2018-11-14T08:25:53'
System info: host: 'SATHIYANARAYANA', ip: '192.168.43.56', os.name: 'Windows 7', os.arch: 'amd64', os.version: '6.1', java.version: '1.8.0_221'
Driver info: driver.version: ChromeDriver
remote stacktrace: Backtrace:
	Ordinal0 [0x00A10C83+1707139]
	Ordinal0 [0x009768F1+1075441]
	Ordinal0 [0x008EDFC9+516041]
	Ordinal0 [0x00880554+66900]
	Ordinal0 [0x0087CCE2+52450]
	Ordinal0 [0x0089BFD7+180183]
	Ordinal0 [0x0089BDDD+179677]
	Ordinal0 [0x00899D4B+171339]
	Ordinal0 [0x00881D4A+73034]
	Ordinal0 [0x00882DC0+77248]
	Ordinal0 [0x00882D59+77145]
	Ordinal0 [0x0098BB67+1162087]
	GetHandleVerifier [0x00AAA966+508998]
	GetHandleVerifier [0x00AAA6A4+508292]
	GetHandleVerifier [0x00ABF7B7+594583]
	GetHandleVerifier [0x00AAB1D6+511158]
	Ordinal0 [0x0098402C+1130540]
	Ordinal0 [0x0098D4CB+1168587]
	Ordinal0 [0x0098D633+1168947]
	Ordinal0 [0x009A5B35+1268533]
	BaseThreadInitThunk [0x765B336A+18]
	RtlInitializeExceptionChain [0x77D89882+99]
	RtlInitializeExceptionChain [0x77D89855+54]

	at sun.reflect.NativeConstructorAccessorImpl.newInstance0(Native Method)
	at sun.reflect.NativeConstructorAccessorImpl.newInstance(Unknown Source)
	at sun.reflect.DelegatingConstructorAccessorImpl.newInstance(Unknown Source)
	at java.lang.reflect.Constructor.newInstance(Unknown Source)
	at org.openqa.selenium.remote.W3CHandshakeResponse.lambda$errorHandler$0(W3CHandshakeResponse.java:62)
	at org.openqa.selenium.remote.HandshakeResponse.lambda$getResponseFunction$0(HandshakeResponse.java:30)
	at org.openqa.selenium.remote.ProtocolHandshake.lambda$createSession$0(ProtocolHandshake.java:126)
	at java.util.stream.ReferencePipeline$3$1.accept(Unknown Source)
	at java.util.Spliterators$ArraySpliterator.tryAdvance(Unknown Source)
	at java.util.stream.ReferencePipeline.forEachWithCancel(Unknown Source)
	at java.util.stream.AbstractPipeline.copyIntoWithCancel(Unknown Source)
	at java.util.stream.AbstractPipeline.copyInto(Unknown Source)
	at java.util.stream.AbstractPipeline.wrapAndCopyInto(Unknown Source)
	at java.util.stream.FindOps$FindOp.evaluateSequential(Unknown Source)
	at java.util.stream.AbstractPipeline.evaluate(Unknown Source)
	at java.util.stream.ReferencePipeline.findFirst(Unknown Source)
	at org.openqa.selenium.remote.ProtocolHandshake.createSession(ProtocolHandshake.java:128)
	at org.openqa.selenium.remote.ProtocolHandshake.createSession(ProtocolHandshake.java:74)
	at org.openqa.selenium.remote.HttpCommandExecutor.execute(HttpCommandExecutor.java:136)
	at org.openqa.selenium.remote.service.DriverCommandExecutor.execute(DriverCommandExecutor.java:83)
	at org.openqa.selenium.remote.RemoteWebDriver.execute(RemoteWebDriver.java:552)
	at org.openqa.selenium.remote.RemoteWebDriver.startSession(RemoteWebDriver.java:213)
	at org.openqa.selenium.remote.RemoteWebDriver.<init>(RemoteWebDriver.java:131)
	at org.openqa.selenium.chrome.ChromeDriver.<init>(ChromeDriver.java:181)
	at org.openqa.selenium.chrome.ChromeDriver.<init>(ChromeDriver.java:168)
	at org.openqa.selenium.chrome.ChromeDriver.<init>(ChromeDriver.java:123)
	at loginTestcase.BothCorrect.BothCorrectLogin(BothCorrect.java:13)
	at sun.reflect.NativeMethodAccessorImpl.invoke0(Native Method)
	at sun.reflect.NativeMethodAccessorImpl.invoke(Unknown Source)
	at sun.reflect.DelegatingMethodAccessorImpl.invoke(Unknown Source)
	at java.lang.reflect.Method.invoke(Unknown Source)
	at org.testng.internal.MethodInvocationHelper.invokeMethod(MethodInvocationHelper.java:108)
	at org.testng.internal.Invoker.invokeMethod(Invoker.java:669)
	at org.testng.internal.Invoker.invokeTestMethod(Invoker.java:877)
	at org.testng.internal.Invoker.invokeTestMethods(Invoker.java:1201)
	at org.testng.internal.TestMethodWorker.invokeTestMethods(TestMethodWorker.java:125)
	at org.testng.internal.TestMethodWorker.run(TestMethodWorker.java:109)
	at org.testng.TestRunner.privateRun(TestRunner.java:776)
	at org.testng.TestRunner.run(TestRunner.java:634)
	at org.testng.SuiteRunner.runTest(SuiteRunner.java:425)
	at org.testng.SuiteRunner.runSequentially(SuiteRunner.java:420)
	at org.testng.SuiteRunner.privateRun(SuiteRunner.java:385)
	at org.testng.SuiteRunner.run(SuiteRunner.java:334)
	at org.testng.SuiteRunnerWorker.runSuite(SuiteRunnerWorker.java:52)
	at org.testng.SuiteRunnerWorker.run(SuiteRunnerWorker.java:86)
	at org.testng.TestNG.runSuitesSequentially(TestNG.java:1318)
	at org.testng.TestNG.runSuitesLocally(TestNG.java:1243)
	at org.testng.TestNG.runSuites(TestNG.java:1161)
	at org.testng.TestNG.run(TestNG.java:1129)
	at org.testng.remote.AbstractRemoteTestNG.run(AbstractRemoteTestNG.java:114)
	at org.testng.remote.RemoteTestNG.initAndRun(RemoteTestNG.java:251)
	at org.testng.remote.RemoteTestNG.main(RemoteTestNG.java:77)
]]>
            </full-stacktrace>
          </exception> <!-- org.openqa.selenium.SessionNotCreatedException -->
          <reporter-output>
          </reporter-output>
        </test-method> <!-- BothCorrectLogin -->
      </class> <!-- loginTestcase.BothCorrect -->
    </test> <!-- Default test -->
  </suite> <!-- Default suite -->
</testng-results>
